[35m[1mConsolidate compiler generated dependencies of target cpp_exe[0m
[ 50%] [32mBuilding CXX object CMakeFiles/cpp_exe.dir/src/cpp_node.cpp.o[0m
[  0%] Built target ament_cmake_python_copy_cpp_pubNode
running egg_info
writing cpp_pubNode.egg-info/PKG-INFO
writing dependency_links to cpp_pubNode.egg-info/dependency_links.txt
writing top-level names to cpp_pubNode.egg-info/top_level.txt
reading manifest file 'cpp_pubNode.egg-info/SOURCES.txt'
writing manifest file 'cpp_pubNode.egg-info/SOURCES.txt'
[ 50%] Built target ament_cmake_python_build_cpp_pubNode_egg
In file included from [01m[K/home/adone/ros2_ws/src/cpp_pubNode/src/cpp_node.cpp:2[m[K:
[01m[K/home/adone/ros2_ws/src/cpp_pubNode/include/cpp_pubNode/cpp_header.hpp:[m[K In constructor â€˜[01m[KMyCustomNode::MyCustomNode()[m[Kâ€™:
[01m[K/home/adone/ros2_ws/src/cpp_pubNode/include/cpp_pubNode/cpp_header.hpp:8:9:[m[K [01;31m[Kerror: [m[Kexpected â€˜[01m[K;[m[Kâ€™ before â€˜[01m[K}[m[Kâ€™ token
    8 |         [01;31m[K}[m[K;
      |         [01;31m[K^[m[K
gmake[2]: *** [CMakeFiles/cpp_exe.dir/build.make:76: CMakeFiles/cpp_exe.dir/src/cpp_node.cpp.o] Error 1
gmake[1]: *** [CMakeFiles/Makefile2:140: CMakeFiles/cpp_exe.dir/all] Error 2
gmake: *** [Makefile:146: all] Error 2
