-- Found ament_cmake: 1.3.10 (/opt/ros/humble/share/ament_cmake/cmake)
-- Found rclcpp: 16.0.10 (/opt/ros/humble/share/rclcpp/cmake)
-- Found rosidl_generator_c: 3.1.5 (/opt/ros/humble/share/rosidl_generator_c/cmake)
-- Found rosidl_adapter: 3.1.5 (/opt/ros/humble/share/rosidl_adapter/cmake)
-- Found rosidl_generator_cpp: 3.1.5 (/opt/ros/humble/share/rosidl_generator_cpp/cmake)
-- Using all available rosidl_typesupport_c: rosidl_typesupport_fastrtps_c;rosidl_typesupport_introspection_c
-- Using all available rosidl_typesupport_cpp: rosidl_typesupport_fastrtps_cpp;rosidl_typesupport_introspection_cpp
-- Found rmw_implementation_cmake: 6.1.2 (/opt/ros/humble/share/rmw_implementation_cmake/cmake)
-- Found rmw_fastrtps_cpp: 6.2.7 (/opt/ros/humble/share/rmw_fastrtps_cpp/cmake)
-- Using RMW implementation 'rmw_fastrtps_cpp' as default
-- Found rclpy: 3.3.14 (/opt/ros/humble/share/rclpy/cmake)
WARNING: Package name "cpp_pubNode" does not follow the naming conventions. It should start with a lower case letter and only contain lower case letters, digits, underscores, and dashes.
-- Found ament_lint_auto: 0.12.11 (/opt/ros/humble/share/ament_lint_auto/cmake)
WARNING: Package name "cpp_pubNode" does not follow the naming conventions. It should start with a lower case letter and only contain lower case letters, digits, underscores, and dashes.
-- Added test 'cppcheck' to perform static code analysis on C / C++ code
-- Configured cppcheck include dirs: /home/adone/ros2_ws/src/cpp_pubNode/include
-- Configured cppcheck exclude dirs and/or files: 
-- Added test 'flake8' to check Python code syntax and style conventions
-- Added test 'lint_cmake' to check CMake code style
-- Added test 'pep257' to check Python code against some of the docstring style conventions in PEP 257
-- Added test 'uncrustify' to check C / C++ code style
-- Configured uncrustify additional arguments: 
-- Added test 'xmllint' to check XML markup files
-- Configuring done
-- Generating done
-- Build files have been written to: /home/adone/ros2_ws/src/build/cpp_pubNode
[ 50%] [32mBuilding CXX object CMakeFiles/cpp_exe.dir/src/cpp_node.cpp.o[0m
[ 50%] Built target ament_cmake_python_copy_cpp_pubNode
running egg_info
creating cpp_pubNode.egg-info
writing cpp_pubNode.egg-info/PKG-INFO
writing dependency_links to cpp_pubNode.egg-info/dependency_links.txt
writing top-level names to cpp_pubNode.egg-info/top_level.txt
writing manifest file 'cpp_pubNode.egg-info/SOURCES.txt'
reading manifest file 'cpp_pubNode.egg-info/SOURCES.txt'
writing manifest file 'cpp_pubNode.egg-info/SOURCES.txt'
[ 50%] Built target ament_cmake_python_build_cpp_pubNode_egg
In file included from [01m[K/home/adone/ros2_ws/src/cpp_pubNode/src/cpp_node.cpp:2[m[K:
[01m[K/home/adone/ros2_ws/src/cpp_pubNode/include/cpp_pubNode/cpp_header.hpp:10:2:[m[K [01;31m[Kerror: [m[Kexpected â€˜[01m[K;[m[Kâ€™ after class definition
   10 | }
      |  [01;31m[K^[m[K
      |  [32m[K;[m[K
[01m[K/home/adone/ros2_ws/src/cpp_pubNode/include/cpp_pubNode/cpp_header.hpp:[m[K In constructor â€˜[01m[KMyCustomNode::MyCustomNode()[m[Kâ€™:
[01m[K/home/adone/ros2_ws/src/cpp_pubNode/include/cpp_pubNode/cpp_header.hpp:8:9:[m[K [01;31m[Kerror: [m[Kexpected â€˜[01m[K;[m[Kâ€™ before â€˜[01m[K}[m[Kâ€™ token
    8 |         [01;31m[K}[m[K
      |         [01;31m[K^[m[K
[01m[K/home/adone/ros2_ws/src/cpp_pubNode/src/cpp_node.cpp:[m[K In function â€˜[01m[Kint main(int, char**)[m[Kâ€™:
[01m[K/home/adone/ros2_ws/src/cpp_pubNode/src/cpp_node.cpp:7:5:[m[K [01;31m[Kerror: [m[Kâ€˜[01m[Krclpp[m[Kâ€™ has not been declared
    7 |     [01;31m[Krclpp[m[K::init(argc, argv);
      |     [01;31m[K^~~~~[m[K
[01m[K/home/adone/ros2_ws/src/cpp_pubNode/src/cpp_node.cpp:9:5:[m[K [01;31m[Kerror: [m[Kâ€˜[01m[Krclpp[m[Kâ€™ has not been declared
    9 |     [01;31m[Krclpp[m[K::spin(node);
      |     [01;31m[K^~~~~[m[K
[01m[K/home/adone/ros2_ws/src/cpp_pubNode/src/cpp_node.cpp:10:5:[m[K [01;31m[Kerror: [m[Kâ€˜[01m[Krclpp[m[Kâ€™ has not been declared
   10 |     [01;31m[Krclpp[m[K::shutdown();
      |     [01;31m[K^~~~~[m[K
gmake[2]: *** [CMakeFiles/cpp_exe.dir/build.make:76: CMakeFiles/cpp_exe.dir/src/cpp_node.cpp.o] Error 1
gmake[1]: *** [CMakeFiles/Makefile2:140: CMakeFiles/cpp_exe.dir/all] Error 2
gmake: *** [Makefile:146: all] Error 2
