[0.009s] Invoking command in '/home/adone/ros2_ws/src/build/cpp_pubNode': CMAKE_PREFIX_PATH=/opt/ros/humble /usr/bin/cmake /home/adone/ros2_ws/src/cpp_pubNode -DCMAKE_INSTALL_PREFIX=/home/adone/ros2_ws/src/install/cpp_pubNode
[0.020s] -- Found ament_cmake: 1.3.10 (/opt/ros/humble/share/ament_cmake/cmake)
[0.134s] -- Found rclcpp: 16.0.10 (/opt/ros/humble/share/rclcpp/cmake)
[0.160s] -- Found rosidl_generator_c: 3.1.5 (/opt/ros/humble/share/rosidl_generator_c/cmake)
[0.163s] -- Found rosidl_adapter: 3.1.5 (/opt/ros/humble/share/rosidl_adapter/cmake)
[0.168s] -- Found rosidl_generator_cpp: 3.1.5 (/opt/ros/humble/share/rosidl_generator_cpp/cmake)
[0.177s] -- Using all available rosidl_typesupport_c: rosidl_typesupport_fastrtps_c;rosidl_typesupport_introspection_c
[0.188s] -- Using all available rosidl_typesupport_cpp: rosidl_typesupport_fastrtps_cpp;rosidl_typesupport_introspection_cpp
[0.218s] -- Found rmw_implementation_cmake: 6.1.2 (/opt/ros/humble/share/rmw_implementation_cmake/cmake)
[0.219s] -- Found rmw_fastrtps_cpp: 6.2.7 (/opt/ros/humble/share/rmw_fastrtps_cpp/cmake)
[0.310s] -- Using RMW implementation 'rmw_fastrtps_cpp' as default
[0.362s] -- Found rclpy: 3.3.14 (/opt/ros/humble/share/rclpy/cmake)
[0.471s] WARNING: Package name "cpp_pubNode" does not follow the naming conventions. It should start with a lower case letter and only contain lower case letters, digits, underscores, and dashes.
[0.481s] -- Found ament_lint_auto: 0.12.11 (/opt/ros/humble/share/ament_lint_auto/cmake)
[0.531s] WARNING: Package name "cpp_pubNode" does not follow the naming conventions. It should start with a lower case letter and only contain lower case letters, digits, underscores, and dashes.
[0.586s] -- Added test 'cppcheck' to perform static code analysis on C / C++ code
[0.586s] -- Configured cppcheck include dirs: /home/adone/ros2_ws/src/cpp_pubNode/include
[0.586s] -- Configured cppcheck exclude dirs and/or files: 
[0.587s] -- Added test 'flake8' to check Python code syntax and style conventions
[0.588s] -- Added test 'lint_cmake' to check CMake code style
[0.589s] -- Added test 'pep257' to check Python code against some of the docstring style conventions in PEP 257
[0.591s] -- Added test 'uncrustify' to check C / C++ code style
[0.591s] -- Configured uncrustify additional arguments: 
[0.592s] -- Added test 'xmllint' to check XML markup files
[0.594s] -- Configuring done
[0.605s] -- Generating done
[0.606s] -- Build files have been written to: /home/adone/ros2_ws/src/build/cpp_pubNode
[0.613s] Invoked command in '/home/adone/ros2_ws/src/build/cpp_pubNode' returned '0': CMAKE_PREFIX_PATH=/opt/ros/humble /usr/bin/cmake /home/adone/ros2_ws/src/cpp_pubNode -DCMAKE_INSTALL_PREFIX=/home/adone/ros2_ws/src/install/cpp_pubNode
[0.615s] Invoking command in '/home/adone/ros2_ws/src/build/cpp_pubNode': CMAKE_PREFIX_PATH=/opt/ros/humble /usr/bin/cmake --build /home/adone/ros2_ws/src/build/cpp_pubNode -- -j8 -l8
[0.666s] [ 50%] [32mBuilding CXX object CMakeFiles/cpp_exe.dir/src/cpp_node.cpp.o[0m
[0.675s] [ 50%] Built target ament_cmake_python_copy_cpp_pubNode
[0.903s] running egg_info
[0.903s] creating cpp_pubNode.egg-info
[0.904s] writing cpp_pubNode.egg-info/PKG-INFO
[0.904s] writing dependency_links to cpp_pubNode.egg-info/dependency_links.txt
[0.904s] writing top-level names to cpp_pubNode.egg-info/top_level.txt
[0.904s] writing manifest file 'cpp_pubNode.egg-info/SOURCES.txt'
[0.906s] reading manifest file 'cpp_pubNode.egg-info/SOURCES.txt'
[0.907s] writing manifest file 'cpp_pubNode.egg-info/SOURCES.txt'
[0.934s] [ 50%] Built target ament_cmake_python_build_cpp_pubNode_egg
[3.278s] In file included from [01m[K/home/adone/ros2_ws/src/cpp_pubNode/src/cpp_node.cpp:2[m[K:
[3.278s] [01m[K/home/adone/ros2_ws/src/cpp_pubNode/include/cpp_pubNode/cpp_header.hpp:10:2:[m[K [01;31m[Kerror: [m[Kexpected â€˜[01m[K;[m[Kâ€™ after class definition
[3.279s]    10 | }
[3.279s]       |  [01;31m[K^[m[K
[3.279s]       |  [32m[K;[m[K
[3.279s] [01m[K/home/adone/ros2_ws/src/cpp_pubNode/include/cpp_pubNode/cpp_header.hpp:[m[K In constructor â€˜[01m[KMyCustomNode::MyCustomNode()[m[Kâ€™:
[3.279s] [01m[K/home/adone/ros2_ws/src/cpp_pubNode/include/cpp_pubNode/cpp_header.hpp:8:9:[m[K [01;31m[Kerror: [m[Kexpected â€˜[01m[K;[m[Kâ€™ before â€˜[01m[K}[m[Kâ€™ token
[3.279s]     8 |         [01;31m[K}[m[K
[3.279s]       |         [01;31m[K^[m[K
[3.282s] [01m[K/home/adone/ros2_ws/src/cpp_pubNode/src/cpp_node.cpp:[m[K In function â€˜[01m[Kint main(int, char**)[m[Kâ€™:
[3.282s] [01m[K/home/adone/ros2_ws/src/cpp_pubNode/src/cpp_node.cpp:7:5:[m[K [01;31m[Kerror: [m[Kâ€˜[01m[Krclpp[m[Kâ€™ has not been declared
[3.282s]     7 |     [01;31m[Krclpp[m[K::init(argc, argv);
[3.282s]       |     [01;31m[K^~~~~[m[K
[3.284s] [01m[K/home/adone/ros2_ws/src/cpp_pubNode/src/cpp_node.cpp:9:5:[m[K [01;31m[Kerror: [m[Kâ€˜[01m[Krclpp[m[Kâ€™ has not been declared
[3.285s]     9 |     [01;31m[Krclpp[m[K::spin(node);
[3.285s]       |     [01;31m[K^~~~~[m[K
[3.285s] [01m[K/home/adone/ros2_ws/src/cpp_pubNode/src/cpp_node.cpp:10:5:[m[K [01;31m[Kerror: [m[Kâ€˜[01m[Krclpp[m[Kâ€™ has not been declared
[3.285s]    10 |     [01;31m[Krclpp[m[K::shutdown();
[3.285s]       |     [01;31m[K^~~~~[m[K
[3.771s] gmake[2]: *** [CMakeFiles/cpp_exe.dir/build.make:76: CMakeFiles/cpp_exe.dir/src/cpp_node.cpp.o] Error 1
[3.771s] gmake[1]: *** [CMakeFiles/Makefile2:140: CMakeFiles/cpp_exe.dir/all] Error 2
[3.771s] gmake: *** [Makefile:146: all] Error 2
[3.775s] Invoked command in '/home/adone/ros2_ws/src/build/cpp_pubNode' returned '2': CMAKE_PREFIX_PATH=/opt/ros/humble /usr/bin/cmake --build /home/adone/ros2_ws/src/build/cpp_pubNode -- -j8 -l8
